{"/home/rafael/Escritorio/Proyectos/Op-Tech/assets/userIcon.png": {"path":"/home/rafael/Escritorio/Proyectos/Op-Tech/assets/userIcon.png","statementMap":{"0":{"start":{"line":1,"column":0},"end":{"line":4,"column":6}}},"fnMap":{},"branchMap":{},"s":{"0":1},"f":{},"b":{},"_coverageSchema":"1a1c01bbd47fc00a2c39e90264f33305004495a9","hash":"c852b0bd583e0f8de741924196d52d2abc6d68d4"}
,"/home/rafael/Escritorio/Proyectos/Op-Tech/src/components/atoms/Button.tsx": {"path":"/home/rafael/Escritorio/Proyectos/Op-Tech/src/components/atoms/Button.tsx","statementMap":{"0":{"start":{"line":9,"column":38},"end":{"line":15,"column":1}},"1":{"start":{"line":10,"column":2},"end":{"line":14,"column":4}},"2":{"start":{"line":17,"column":15},"end":{"line":30,"column":2}}},"fnMap":{"0":{"name":"(anonymous_0)","decl":{"start":{"line":9,"column":38},"end":{"line":9,"column":39}},"loc":{"start":{"line":9,"column":62},"end":{"line":15,"column":1}},"line":9}},"branchMap":{},"s":{"0":3,"1":23,"2":3},"f":{"0":23},"b":{},"_coverageSchema":"1a1c01bbd47fc00a2c39e90264f33305004495a9","hash":"bdfb1ba6d88b6e83915d4948615d4ff695f1b421"}
,"/home/rafael/Escritorio/Proyectos/Op-Tech/src/components/molecules/TaskForm.tsx": {"path":"/home/rafael/Escritorio/Proyectos/Op-Tech/src/components/molecules/TaskForm.tsx","statementMap":{"0":{"start":{"line":9,"column":42},"end":{"line":31,"column":1}},"1":{"start":{"line":10,"column":40},"end":{"line":10,"column":52}},"2":{"start":{"line":12,"column":2},"end":{"line":30,"column":4}},"3":{"start":{"line":23,"column":10},"end":{"line":26,"column":11}},"4":{"start":{"line":24,"column":12},"end":{"line":24,"column":34}},"5":{"start":{"line":25,"column":12},"end":{"line":25,"column":31}},"6":{"start":{"line":33,"column":15},"end":{"line":43,"column":2}}},"fnMap":{"0":{"name":"(anonymous_0)","decl":{"start":{"line":9,"column":42},"end":{"line":9,"column":43}},"loc":{"start":{"line":9,"column":60},"end":{"line":31,"column":1}},"line":9},"1":{"name":"(anonymous_1)","decl":{"start":{"line":22,"column":17},"end":{"line":22,"column":18}},"loc":{"start":{"line":22,"column":23},"end":{"line":27,"column":9}},"line":22}},"branchMap":{"0":{"loc":{"start":{"line":23,"column":10},"end":{"line":26,"column":11}},"type":"if","locations":[{"start":{"line":23,"column":10},"end":{"line":26,"column":11}},{"start":{},"end":{}}],"line":23}},"s":{"0":2,"1":4,"2":4,"3":2,"4":1,"5":1,"6":2},"f":{"0":4,"1":2},"b":{"0":[1,1]},"_coverageSchema":"1a1c01bbd47fc00a2c39e90264f33305004495a9","hash":"fc0c2feadf4a31a5fba2c2ecc9e0e4fbc67eff19"}
,"/home/rafael/Escritorio/Proyectos/Op-Tech/src/components/organisms/TasksList.tsx": {"path":"/home/rafael/Escritorio/Proyectos/Op-Tech/src/components/organisms/TasksList.tsx","statementMap":{"0":{"start":{"line":6,"column":18},"end":{"line":24,"column":1}},"1":{"start":{"line":7,"column":16},"end":{"line":7,"column":68}},"2":{"start":{"line":7,"column":50},"end":{"line":7,"column":67}},"3":{"start":{"line":9,"column":2},"end":{"line":23,"column":4}},"4":{"start":{"line":16,"column":30},"end":{"line":16,"column":37}},"5":{"start":{"line":18,"column":8},"end":{"line":20,"column":15}},"6":{"start":{"line":26,"column":15},"end":{"line":36,"column":2}}},"fnMap":{"0":{"name":"(anonymous_0)","decl":{"start":{"line":6,"column":18},"end":{"line":6,"column":19}},"loc":{"start":{"line":6,"column":24},"end":{"line":24,"column":1}},"line":6},"1":{"name":"(anonymous_1)","decl":{"start":{"line":7,"column":28},"end":{"line":7,"column":29}},"loc":{"start":{"line":7,"column":50},"end":{"line":7,"column":67}},"line":7},"2":{"name":"(anonymous_2)","decl":{"start":{"line":16,"column":20},"end":{"line":16,"column":21}},"loc":{"start":{"line":16,"column":30},"end":{"line":16,"column":37}},"line":16},"3":{"name":"(anonymous_3)","decl":{"start":{"line":17,"column":18},"end":{"line":17,"column":19}},"loc":{"start":{"line":18,"column":8},"end":{"line":20,"column":15}},"line":18}},"branchMap":{},"s":{"0":2,"1":8,"2":12,"3":8,"4":9,"5":6,"6":2},"f":{"0":8,"1":12,"2":9,"3":6},"b":{},"_coverageSchema":"1a1c01bbd47fc00a2c39e90264f33305004495a9","hash":"4b7ddbf7204ff53451a60890b74d6d76bc16ce80"}
,"/home/rafael/Escritorio/Proyectos/Op-Tech/src/hooks/useData.ts": {"path":"/home/rafael/Escritorio/Proyectos/Op-Tech/src/hooks/useData.ts","statementMap":{"0":{"start":{"line":4,"column":16},"end":{"line":27,"column":1}},"1":{"start":{"line":5,"column":28},"end":{"line":5,"column":46}},"2":{"start":{"line":6,"column":32},"end":{"line":6,"column":55}},"3":{"start":{"line":7,"column":28},"end":{"line":7,"column":57}},"4":{"start":{"line":9,"column":2},"end":{"line":25,"column":9}},"5":{"start":{"line":10,"column":21},"end":{"line":23,"column":5}},"6":{"start":{"line":11,"column":6},"end":{"line":22,"column":7}},"7":{"start":{"line":12,"column":25},"end":{"line":12,"column":46}},"8":{"start":{"line":13,"column":8},"end":{"line":13,"column":27}},"9":{"start":{"line":15,"column":8},"end":{"line":19,"column":9}},"10":{"start":{"line":16,"column":10},"end":{"line":16,"column":34}},"11":{"start":{"line":18,"column":10},"end":{"line":18,"column":48}},"12":{"start":{"line":21,"column":8},"end":{"line":21,"column":26}},"13":{"start":{"line":24,"column":4},"end":{"line":24,"column":15}},"14":{"start":{"line":26,"column":2},"end":{"line":26,"column":35}}},"fnMap":{"0":{"name":"(anonymous_0)","decl":{"start":{"line":4,"column":16},"end":{"line":4,"column":17}},"loc":{"start":{"line":4,"column":22},"end":{"line":27,"column":1}},"line":4},"1":{"name":"(anonymous_1)","decl":{"start":{"line":9,"column":12},"end":{"line":9,"column":13}},"loc":{"start":{"line":9,"column":24},"end":{"line":25,"column":3}},"line":9},"2":{"name":"(anonymous_2)","decl":{"start":{"line":10,"column":21},"end":{"line":10,"column":22}},"loc":{"start":{"line":10,"column":48},"end":{"line":23,"column":5}},"line":10}},"branchMap":{"0":{"loc":{"start":{"line":15,"column":8},"end":{"line":19,"column":9}},"type":"if","locations":[{"start":{"line":15,"column":8},"end":{"line":19,"column":9}},{"start":{"line":17,"column":15},"end":{"line":19,"column":9}}],"line":15}},"s":{"0":3,"1":11,"2":11,"3":11,"4":11,"5":4,"6":4,"7":4,"8":2,"9":2,"10":1,"11":1,"12":4,"13":4,"14":11},"f":{"0":11,"1":4,"2":4},"b":{"0":[1,1]},"_coverageSchema":"1a1c01bbd47fc00a2c39e90264f33305004495a9","hash":"913892551f6117b2ed3e858904f84b297f4d0704"}
,"/home/rafael/Escritorio/Proyectos/Op-Tech/src/navigation/Navigator.tsx": {"path":"/home/rafael/Escritorio/Proyectos/Op-Tech/src/navigation/Navigator.tsx","statementMap":{"0":{"start":{"line":8,"column":14},"end":{"line":8,"column":36}},"1":{"start":{"line":17,"column":21},"end":{"line":30,"column":1}},"2":{"start":{"line":18,"column":2},"end":{"line":29,"column":4}}},"fnMap":{"0":{"name":"(anonymous_0)","decl":{"start":{"line":17,"column":21},"end":{"line":17,"column":22}},"loc":{"start":{"line":17,"column":27},"end":{"line":30,"column":1}},"line":17}},"branchMap":{},"s":{"0":1,"1":1,"2":1},"f":{"0":1},"b":{},"_coverageSchema":"1a1c01bbd47fc00a2c39e90264f33305004495a9","hash":"8e61fcf499ae368117e2c22f880327822c28930d"}
,"/home/rafael/Escritorio/Proyectos/Op-Tech/src/redux/store.ts": {"path":"/home/rafael/Escritorio/Proyectos/Op-Tech/src/redux/store.ts","statementMap":{"0":{"start":{"line":4,"column":14},"end":{"line":8,"column":2}}},"fnMap":{},"branchMap":{},"s":{"0":1},"f":{},"b":{},"_coverageSchema":"1a1c01bbd47fc00a2c39e90264f33305004495a9","hash":"863361508b2e0c659359fc7a02d00f3f4661b810"}
,"/home/rafael/Escritorio/Proyectos/Op-Tech/src/redux/slices/tasksSlice.ts": {"path":"/home/rafael/Escritorio/Proyectos/Op-Tech/src/redux/slices/tasksSlice.ts","statementMap":{"0":{"start":{"line":12,"column":33},"end":{"line":14,"column":1}},"1":{"start":{"line":16,"column":19},"end":{"line":24,"column":2}},"2":{"start":{"line":21,"column":6},"end":{"line":21,"column":39}},"3":{"start":{"line":26,"column":28},"end":{"line":26,"column":46}}},"fnMap":{"0":{"name":"(anonymous_0)","decl":{"start":{"line":20,"column":14},"end":{"line":20,"column":15}},"loc":{"start":{"line":20,"column":54},"end":{"line":22,"column":5}},"line":20}},"branchMap":{},"s":{"0":2,"1":2,"2":1,"3":2},"f":{"0":1},"b":{},"_coverageSchema":"1a1c01bbd47fc00a2c39e90264f33305004495a9","hash":"5946632a800625f3a12161fe77ae9065af385f91"}
,"/home/rafael/Escritorio/Proyectos/Op-Tech/src/screens/HomeScreen.tsx": {"path":"/home/rafael/Escritorio/Proyectos/Op-Tech/src/screens/HomeScreen.tsx","statementMap":{"0":{"start":{"line":13,"column":36},"end":{"line":20,"column":1}},"1":{"start":{"line":14,"column":2},"end":{"line":19,"column":4}},"2":{"start":{"line":16,"column":43},"end":{"line":16,"column":71}},"3":{"start":{"line":17,"column":42},"end":{"line":17,"column":69}},"4":{"start":{"line":22,"column":15},"end":{"line":29,"column":2}}},"fnMap":{"0":{"name":"(anonymous_0)","decl":{"start":{"line":13,"column":36},"end":{"line":13,"column":37}},"loc":{"start":{"line":13,"column":56},"end":{"line":20,"column":1}},"line":13},"1":{"name":"(anonymous_1)","decl":{"start":{"line":16,"column":37},"end":{"line":16,"column":38}},"loc":{"start":{"line":16,"column":43},"end":{"line":16,"column":71}},"line":16},"2":{"name":"(anonymous_2)","decl":{"start":{"line":17,"column":36},"end":{"line":17,"column":37}},"loc":{"start":{"line":17,"column":42},"end":{"line":17,"column":69}},"line":17}},"branchMap":{},"s":{"0":2,"1":4,"2":1,"3":1,"4":2},"f":{"0":4,"1":1,"2":1},"b":{},"_coverageSchema":"1a1c01bbd47fc00a2c39e90264f33305004495a9","hash":"6b96a94754340f93264ab0a14827f426f7e23c4d"}
,"/home/rafael/Escritorio/Proyectos/Op-Tech/src/screens/ListScreen.tsx": {"path":"/home/rafael/Escritorio/Proyectos/Op-Tech/src/screens/ListScreen.tsx","statementMap":{"0":{"start":{"line":6,"column":29},"end":{"line":43,"column":1}},"1":{"start":{"line":7,"column":36},"end":{"line":7,"column":45}},"2":{"start":{"line":8,"column":18},"end":{"line":8,"column":37}},"3":{"start":{"line":10,"column":2},"end":{"line":12,"column":3}},"4":{"start":{"line":11,"column":4},"end":{"line":11,"column":104}},"5":{"start":{"line":14,"column":2},"end":{"line":20,"column":3}},"6":{"start":{"line":15,"column":4},"end":{"line":19,"column":5}},"7":{"start":{"line":22,"column":2},"end":{"line":42,"column":4}},"8":{"start":{"line":29,"column":30},"end":{"line":29,"column":37}},"9":{"start":{"line":31,"column":8},"end":{"line":39,"column":15}},"10":{"start":{"line":45,"column":15},"end":{"line":69,"column":2}}},"fnMap":{"0":{"name":"(anonymous_0)","decl":{"start":{"line":6,"column":29},"end":{"line":6,"column":30}},"loc":{"start":{"line":6,"column":35},"end":{"line":43,"column":1}},"line":6},"1":{"name":"(anonymous_1)","decl":{"start":{"line":29,"column":20},"end":{"line":29,"column":21}},"loc":{"start":{"line":29,"column":30},"end":{"line":29,"column":37}},"line":29},"2":{"name":"(anonymous_2)","decl":{"start":{"line":30,"column":18},"end":{"line":30,"column":19}},"loc":{"start":{"line":31,"column":8},"end":{"line":39,"column":15}},"line":31}},"branchMap":{"0":{"loc":{"start":{"line":10,"column":2},"end":{"line":12,"column":3}},"type":"if","locations":[{"start":{"line":10,"column":2},"end":{"line":12,"column":3}},{"start":{},"end":{}}],"line":10},"1":{"loc":{"start":{"line":14,"column":2},"end":{"line":20,"column":3}},"type":"if","locations":[{"start":{"line":14,"column":2},"end":{"line":20,"column":3}},{"start":{},"end":{}}],"line":14}},"s":{"0":2,"1":3,"2":3,"3":3,"4":1,"5":2,"6":1,"7":1,"8":3,"9":2,"10":2},"f":{"0":3,"1":3,"2":2},"b":{"0":[1,2],"1":[1,1]},"_coverageSchema":"1a1c01bbd47fc00a2c39e90264f33305004495a9","hash":"f67184f9b4337b1a8655d235fc768abb3a47af56"}
,"/home/rafael/Escritorio/Proyectos/Op-Tech/src/screens/TasksScreen.tsx": {"path":"/home/rafael/Escritorio/Proyectos/Op-Tech/src/screens/TasksScreen.tsx","statementMap":{"0":{"start":{"line":11,"column":30},"end":{"line":34,"column":1}},"1":{"start":{"line":12,"column":42},"end":{"line":12,"column":63}},"2":{"start":{"line":13,"column":25},"end":{"line":13,"column":61}},"3":{"start":{"line":14,"column":19},"end":{"line":14,"column":35}},"4":{"start":{"line":15,"column":18},"end":{"line":15,"column":37}},"5":{"start":{"line":17,"column":24},"end":{"line":20,"column":3}},"6":{"start":{"line":18,"column":4},"end":{"line":18,"column":70}},"7":{"start":{"line":19,"column":4},"end":{"line":19,"column":27}},"8":{"start":{"line":22,"column":2},"end":{"line":33,"column":4}},"9":{"start":{"line":24,"column":50},"end":{"line":24,"column":71}},"10":{"start":{"line":29,"column":47},"end":{"line":29,"column":69}},"11":{"start":{"line":36,"column":15},"end":{"line":47,"column":2}}},"fnMap":{"0":{"name":"(anonymous_0)","decl":{"start":{"line":11,"column":30},"end":{"line":11,"column":31}},"loc":{"start":{"line":11,"column":36},"end":{"line":34,"column":1}},"line":11},"1":{"name":"(anonymous_1)","decl":{"start":{"line":17,"column":24},"end":{"line":17,"column":25}},"loc":{"start":{"line":17,"column":49},"end":{"line":20,"column":3}},"line":17},"2":{"name":"(anonymous_2)","decl":{"start":{"line":24,"column":44},"end":{"line":24,"column":45}},"loc":{"start":{"line":24,"column":50},"end":{"line":24,"column":71}},"line":24},"3":{"name":"(anonymous_3)","decl":{"start":{"line":29,"column":41},"end":{"line":29,"column":42}},"loc":{"start":{"line":29,"column":47},"end":{"line":29,"column":69}},"line":29}},"branchMap":{},"s":{"0":2,"1":8,"2":8,"3":8,"4":8,"5":8,"6":1,"7":1,"8":8,"9":3,"10":1,"11":2},"f":{"0":8,"1":1,"2":3,"3":1},"b":{},"_coverageSchema":"1a1c01bbd47fc00a2c39e90264f33305004495a9","hash":"c61d3c02f6cf5dd819671ac07651b812e38cc06c"}
,"/home/rafael/Escritorio/Proyectos/Op-Tech/src/services/apiService.ts": {"path":"/home/rafael/Escritorio/Proyectos/Op-Tech/src/services/apiService.ts","statementMap":{"0":{"start":{"line":14,"column":16},"end":{"line":14,"column":70}},"1":{"start":{"line":16,"column":29},"end":{"line":23,"column":1}},"2":{"start":{"line":17,"column":2},"end":{"line":22,"column":3}},"3":{"start":{"line":18,"column":35},"end":{"line":18,"column":59}},"4":{"start":{"line":19,"column":4},"end":{"line":19,"column":25}},"5":{"start":{"line":21,"column":4},"end":{"line":21,"column":47}}},"fnMap":{"0":{"name":"(anonymous_0)","decl":{"start":{"line":16,"column":29},"end":{"line":16,"column":30}},"loc":{"start":{"line":16,"column":58},"end":{"line":23,"column":1}},"line":16}},"branchMap":{},"s":{"0":4,"1":4,"2":2,"3":2,"4":1,"5":1},"f":{"0":2},"b":{},"_coverageSchema":"1a1c01bbd47fc00a2c39e90264f33305004495a9","hash":"96450fdf54252196ee1dda708e5dd221be34a3f1"}
}
